0 verbose cli /usr/local/Cellar/node/19.5.0/bin/node /usr/local/bin/npm
1 info using npm@9.6.4
2 info using node@v19.5.0
3 timing npm:load:whichnode Completed in 1ms
4 timing config:load:defaults Completed in 7ms
5 timing config:load:file:/usr/local/lib/node_modules/npm/npmrc Completed in 3ms
6 timing config:load:builtin Completed in 3ms
7 timing config:load:cli Completed in 1ms
8 timing config:load:env Completed in 1ms
9 timing config:load:file:/Users/james/Desktop/aa/tablego/.npmrc Completed in 0ms
10 timing config:load:project Completed in 1ms
11 timing config:load:file:/Users/james/.npmrc Completed in 0ms
12 timing config:load:user Completed in 0ms
13 timing config:load:file:/usr/local/etc/npmrc Completed in 2ms
14 timing config:load:global Completed in 2ms
15 timing config:load:setEnvs Completed in 1ms
16 timing config:load Completed in 17ms
17 timing npm:load:configload Completed in 17ms
18 timing npm:load:mkdirpcache Completed in 1ms
19 timing npm:load:mkdirplogs Completed in 0ms
20 verbose title npm i
21 verbose argv "i"
22 timing npm:load:setTitle Completed in 4ms
23 timing config:load:flatten Completed in 5ms
24 timing npm:load:display Completed in 7ms
25 verbose logfile logs-max:10 dir:/Users/james/Desktop/aa/tablego/C:tmpnodejsnpm-cache/_logs/2024-09-17T00_51_58_106Z-
26 verbose logfile /Users/james/Desktop/aa/tablego/C:tmpnodejsnpm-cache/_logs/2024-09-17T00_51_58_106Z-debug-0.log
27 timing npm:load:logFile Completed in 11ms
28 timing npm:load:timers Completed in 0ms
29 timing npm:load:configScope Completed in 0ms
30 timing npm:load Completed in 41ms
31 timing arborist:ctor Completed in 1ms
32 silly logfile done cleaning log files
33 timing idealTree:init Completed in 400ms
34 timing idealTree:userRequests Completed in 0ms
35 silly idealTree buildDeps
36 timing idealTree:#root Completed in 1ms
37 silly fetch manifest date-fns@^2.28.0 || ^3.0.0
38 http fetch GET 200 https://registry.npmjs.org/date-fns 139ms (cache miss)
39 timing idealTree Completed in 565ms
40 timing command:i Completed in 595ms
41 verbose stack Error: could not resolve
41 verbose stack     at PlaceDep.failPeerConflict (/usr/local/lib/node_modules/npm/node_modules/@npmcli/arborist/lib/place-dep.js:503:25)
41 verbose stack     at new PlaceDep (/usr/local/lib/node_modules/npm/node_modules/@npmcli/arborist/lib/place-dep.js:157:21)
41 verbose stack     at /usr/local/lib/node_modules/npm/node_modules/@npmcli/arborist/lib/arborist/build-ideal-tree.js:943:31
41 verbose stack     at Array.map (<anonymous>)
41 verbose stack     at [buildDepStep] (/usr/local/lib/node_modules/npm/node_modules/@npmcli/arborist/lib/arborist/build-ideal-tree.js:943:8)
41 verbose stack     at async Arborist.buildIdealTree (/usr/local/lib/node_modules/npm/node_modules/@npmcli/arborist/lib/arborist/build-ideal-tree.js:207:7)
41 verbose stack     at async Promise.all (index 1)
41 verbose stack     at async Arborist.reify (/usr/local/lib/node_modules/npm/node_modules/@npmcli/arborist/lib/arborist/reify.js:159:5)
41 verbose stack     at async Install.exec (/usr/local/lib/node_modules/npm/lib/commands/install.js:146:5)
41 verbose stack     at async module.exports (/usr/local/lib/node_modules/npm/lib/cli.js:89:5)
42 verbose cwd /Users/james/Desktop/aa/tablego
43 verbose Darwin 22.5.0
44 verbose node v19.5.0
45 verbose npm  v9.6.4
46 error code ERESOLVE
47 error ERESOLVE could not resolve
48 error
49 error While resolving: [1mreact-day-picker[22m@[1m8.10.1[22m
49 error Found: [1mdate-fns[22m@[1m4.0.0[22m[2m[22m
49 error [2mnode_modules/date-fns[22m
49 error   [1mdate-fns[22m@"[1m^4.0.0[22m" from the root project
49 error
49 error Could not resolve dependency:
49 error [35mpeer[39m [1mdate-fns[22m@"[1m^2.28.0 || ^3.0.0[22m" from [1mreact-day-picker[22m@[1m8.10.1[22m[2m[22m
49 error [2mnode_modules/react-day-picker[22m
49 error   [1mreact-day-picker[22m@"[1m^8.10.1[22m" from the root project
49 error
49 error Conflicting peer dependency: [1mdate-fns[22m@[1m3.6.0[22m[2m[22m
49 error [2mnode_modules/date-fns[22m
49 error   [35mpeer[39m [1mdate-fns[22m@"[1m^2.28.0 || ^3.0.0[22m" from [1mreact-day-picker[22m@[1m8.10.1[22m[2m[22m
49 error   [2mnode_modules/react-day-picker[22m
49 error     [1mreact-day-picker[22m@"[1m^8.10.1[22m" from the root project
49 error
49 error Fix the upstream dependency conflict, or retry
49 error this command with --force or --legacy-peer-deps
49 error to accept an incorrect (and potentially broken) dependency resolution.
50 error
50 error
50 error For a full report see:
50 error /Users/james/Desktop/aa/tablego/C:tmpnodejsnpm-cache/_logs/2024-09-17T00_51_58_106Z-eresolve-report.txt
51 verbose exit 1
52 timing npm Completed in 668ms
53 verbose unfinished npm timer reify 1726534318173
54 verbose unfinished npm timer reify:loadTrees 1726534318200
55 verbose unfinished npm timer idealTree:buildDeps 1726534318602
56 verbose unfinished npm timer idealTree:node_modules/react-day-picker 1726534318604
57 verbose code 1
58 error A complete log of this run can be found in: /Users/james/Desktop/aa/tablego/C:tmpnodejsnpm-cache/_logs/2024-09-17T00_51_58_106Z-debug-0.log
